# JRE version: OpenJDK Runtime Environment (8.0_191-b12) (build 1.8.0_191-8u191-b12-2ubuntu0.16.04.1-b12)
# Java VM: OpenJDK Client VM (25.191-b12 mixed mode linux-aarch32 )
Heap:
 def new generation   total 4992K, used 0K [0x64800000, 0x64d60000, 0x69550000)
  eden space 4480K,   0% used [0x64800000, 0x64800000, 0x64c60000)
  from space 512K,   0% used [0x64c60000, 0x64c60000, 0x64ce0000)
  to   space 512K,   0% used [0x64ce0000, 0x64ce0000, 0x64d60000)
 tenured generation   total 10944K, used 3327K [0x69550000, 0x6a000000, 0x73000000)
   the space 10944K,  30% used [0x69550000, 0x6988fd80, 0x6988fe00, 0x6a000000)
 Metaspace       used 8113K, capacity 8294K, committed 8472K, reserved 8496K
GC Heap History (8 events):
Event: 1,045 GC heap before
{Heap before GC invocations=0 (full 0):
 def new generation   total 4928K, used 4416K [0x64800000, 0x64d50000, 0x69550000)
  eden space 4416K, 100% used [0x64800000, 0x64c50000, 0x64c50000)
  from space 512K,   0% used [0x64c50000, 0x64c50000, 0x64cd0000)
  to   space 512K,   0% used [0x64cd0000, 0x64cd0000, 0x64d50000)
 tenured generation   total 10944K, used 0K [0x69550000, 0x6a000000, 0x73000000)
   the space 10944K,   0% used [0x69550000, 0x69550000, 0x69550200, 0x6a000000)
 Metaspace       used 5256K, capacity 5402K, committed 5528K, reserved 6448K
Event: 1,063 GC heap after
Heap after GC invocations=1 (full 0):
 def new generation   total 4928K, used 512K [0x64800000, 0x64d50000, 0x69550000)
  eden space 4416K,   0% used [0x64800000, 0x64800000, 0x64c50000)
  from space 512K, 100% used [0x64cd0000, 0x64d50000, 0x64d50000)
  to   space 512K,   0% used [0x64c50000, 0x64c50000, 0x64cd0000)
 tenured generation   total 10944K, used 823K [0x69550000, 0x6a000000, 0x73000000)
   the space 10944K,   7% used [0x69550000, 0x6961dcf8, 0x6961de00, 0x6a000000)
 Metaspace       used 5256K, capacity 5402K, committed 5528K, reserved 6448K
}
Event: 1,728 GC heap before
{Heap before GC invocations=1 (full 0):
 def new generation   total 4928K, used 4928K [0x64800000, 0x64d50000, 0x69550000)
  eden space 4416K, 100% used [0x64800000, 0x64c50000, 0x64c50000)
  from space 512K, 100% used [0x64cd0000, 0x64d50000, 0x64d50000)
  to   space 512K,   0% used [0x64c50000, 0x64c50000, 0x64cd0000)
 tenured generation   total 10944K, used 823K [0x69550000, 0x6a000000, 0x73000000)
   the space 10944K,   7% used [0x69550000, 0x6961dcf8, 0x6961de00, 0x6a000000)
 Metaspace       used 7193K, capacity 7378K, committed 7448K, reserved 7472K
Event: 1,755 GC heap after
Heap after GC invocations=2 (full 0):
 def new generation   total 4928K, used 512K [0x64800000, 0x64d50000, 0x69550000)
  eden space 4416K,   0% used [0x64800000, 0x64800000, 0x64c50000)
  from space 512K, 100% used [0x64c50000, 0x64cd0000, 0x64cd0000)
  to   space 512K,   0% used [0x64cd0000, 0x64cd0000, 0x64d50000)
 tenured generation   total 10944K, used 2174K [0x69550000, 0x6a000000, 0x73000000)
   the space 10944K,  19% used [0x69550000, 0x6976f9a8, 0x6976fa00, 0x6a000000)
 Metaspace       used 7193K, capacity 7378K, committed 7448K, reserved 7472K
}
Event: 1,942 GC heap before
{Heap before GC invocations=2 (full 0):
 def new generation   total 4928K, used 4928K [0x64800000, 0x64d50000, 0x69550000)
  eden space 4416K, 100% used [0x64800000, 0x64c50000, 0x64c50000)
  from space 512K, 100% used [0x64c50000, 0x64cd0000, 0x64cd0000)
  to   space 512K,   0% used [0x64cd0000, 0x64cd0000, 0x64d50000)
 tenured generation   total 10944K, used 2174K [0x69550000, 0x6a000000, 0x73000000)
   the space 10944K,  19% used [0x69550000, 0x6976f9a8, 0x6976fa00, 0x6a000000)
 Metaspace       used 7262K, capacity 7445K, committed 7576K, reserved 8496K
Event: 1,954 GC heap after
Heap after GC invocations=3 (full 0):
 def new generation   total 4928K, used 429K [0x64800000, 0x64d50000, 0x69550000)
  eden space 4416K,   0% used [0x64800000, 0x64800000, 0x64c50000)
  from space 512K,  83% used [0x64cd0000, 0x64d3b558, 0x64d50000)
  to   space 512K,   0% used [0x64c50000, 0x64c50000, 0x64cd0000)
 tenured generation   total 10944K, used 2652K [0x69550000, 0x6a000000, 0x73000000)
   the space 10944K,  24% used [0x69550000, 0x697e7148, 0x697e7200, 0x6a000000)
 Metaspace       used 7262K, capacity 7445K, committed 7576K, reserved 8496K
}
Event: 62,824 GC heap before
{Heap before GC invocations=3 (full 0):
 def new generation   total 4928K, used 3102K [0x64800000, 0x64d50000, 0x69550000)
  eden space 4416K,  60% used [0x64800000, 0x64a9c2d8, 0x64c50000)
  from space 512K,  83% used [0x64cd0000, 0x64d3b558, 0x64d50000)
  to   space 512K,   0% used [0x64c50000, 0x64c50000, 0x64cd0000)
 tenured generation   total 10944K, used 2652K [0x69550000, 0x6a000000, 0x73000000)
   the space 10944K,  24% used [0x69550000, 0x697e7148, 0x697e7200, 0x6a000000)
 Metaspace       used 8118K, capacity 8309K, committed 8472K, reserved 8496K
Event: 62,953 GC heap after
Heap after GC invocations=4 (full 1):
 def new generation   total 4992K, used 0K [0x64800000, 0x64d60000, 0x69550000)
  eden space 4480K,   0% used [0x64800000, 0x64800000, 0x64c60000)
  from space 512K,   0% used [0x64c60000, 0x64c60000, 0x64ce0000)
  to   space 512K,   0% used [0x64ce0000, 0x64ce0000, 0x64d60000)
 tenured generation   total 10944K, used 3327K [0x69550000, 0x6a000000, 0x73000000)
   the space 10944K,  30% used [0x69550000, 0x6988fd80, 0x6988fe00, 0x6a000000)
 Metaspace       used 8113K, capacity 8294K, committed 8472K, reserved 8496K
}

