# JRE version: OpenJDK Runtime Environment (8.0_191-b12) (build 1.8.0_191-8u191-b12-2ubuntu0.16.04.1-b12)
# Java VM: OpenJDK Client VM (25.191-b12 mixed mode linux-aarch32 )
Heap:
 def new generation   total 4992K, used 0K [0x64800000, 0x64d60000, 0x69550000)
  eden space 4480K,   0% used [0x64800000, 0x64800000, 0x64c60000)
  from space 512K,   0% used [0x64c60000, 0x64c60000, 0x64ce0000)
  to   space 512K,   0% used [0x64ce0000, 0x64ce0000, 0x64d60000)
 tenured generation   total 10944K, used 3323K [0x69550000, 0x6a000000, 0x73000000)
   the space 10944K,  30% used [0x69550000, 0x6988ecd0, 0x6988ee00, 0x6a000000)
 Metaspace       used 8111K, capacity 8294K, committed 8472K, reserved 8496K
GC Heap History (8 events):
Event: 2,553 GC heap before
{Heap before GC invocations=0 (full 0):
 def new generation   total 4928K, used 4416K [0x64800000, 0x64d50000, 0x69550000)
  eden space 4416K, 100% used [0x64800000, 0x64c50000, 0x64c50000)
  from space 512K,   0% used [0x64c50000, 0x64c50000, 0x64cd0000)
  to   space 512K,   0% used [0x64cd0000, 0x64cd0000, 0x64d50000)
 tenured generation   total 10944K, used 0K [0x69550000, 0x6a000000, 0x73000000)
   the space 10944K,   0% used [0x69550000, 0x69550000, 0x69550200, 0x6a000000)
 Metaspace       used 5256K, capacity 5402K, committed 5528K, reserved 6448K
Event: 2,570 GC heap after
Heap after GC invocations=1 (full 0):
 def new generation   total 4928K, used 512K [0x64800000, 0x64d50000, 0x69550000)
  eden space 4416K,   0% used [0x64800000, 0x64800000, 0x64c50000)
  from space 512K, 100% used [0x64cd0000, 0x64d50000, 0x64d50000)
  to   space 512K,   0% used [0x64c50000, 0x64c50000, 0x64cd0000)
 tenured generation   total 10944K, used 823K [0x69550000, 0x6a000000, 0x73000000)
   the space 10944K,   7% used [0x69550000, 0x6961dc78, 0x6961de00, 0x6a000000)
 Metaspace       used 5256K, capacity 5402K, committed 5528K, reserved 6448K
}
Event: 4,161 GC heap before
{Heap before GC invocations=1 (full 0):
 def new generation   total 4928K, used 4928K [0x64800000, 0x64d50000, 0x69550000)
  eden space 4416K, 100% used [0x64800000, 0x64c50000, 0x64c50000)
  from space 512K, 100% used [0x64cd0000, 0x64d50000, 0x64d50000)
  to   space 512K,   0% used [0x64c50000, 0x64c50000, 0x64cd0000)
 tenured generation   total 10944K, used 823K [0x69550000, 0x6a000000, 0x73000000)
   the space 10944K,   7% used [0x69550000, 0x6961dc78, 0x6961de00, 0x6a000000)
 Metaspace       used 7206K, capacity 7378K, committed 7448K, reserved 7472K
Event: 4,205 GC heap after
Heap after GC invocations=2 (full 0):
 def new generation   total 4928K, used 512K [0x64800000, 0x64d50000, 0x69550000)
  eden space 4416K,   0% used [0x64800000, 0x64800000, 0x64c50000)
  from space 512K, 100% used [0x64c50000, 0x64cd0000, 0x64cd0000)
  to   space 512K,   0% used [0x64cd0000, 0x64cd0000, 0x64d50000)
 tenured generation   total 10944K, used 2172K [0x69550000, 0x6a000000, 0x73000000)
   the space 10944K,  19% used [0x69550000, 0x6976f308, 0x6976f400, 0x6a000000)
 Metaspace       used 7206K, capacity 7378K, committed 7448K, reserved 7472K
}
Event: 4,887 GC heap before
{Heap before GC invocations=2 (full 0):
 def new generation   total 4928K, used 4928K [0x64800000, 0x64d50000, 0x69550000)
  eden space 4416K, 100% used [0x64800000, 0x64c50000, 0x64c50000)
  from space 512K, 100% used [0x64c50000, 0x64cd0000, 0x64cd0000)
  to   space 512K,   0% used [0x64cd0000, 0x64cd0000, 0x64d50000)
 tenured generation   total 10944K, used 2172K [0x69550000, 0x6a000000, 0x73000000)
   the space 10944K,  19% used [0x69550000, 0x6976f308, 0x6976f400, 0x6a000000)
 Metaspace       used 7273K, capacity 7445K, committed 7576K, reserved 8496K
Event: 4,900 GC heap after
Heap after GC invocations=3 (full 0):
 def new generation   total 4928K, used 427K [0x64800000, 0x64d50000, 0x69550000)
  eden space 4416K,   0% used [0x64800000, 0x64800000, 0x64c50000)
  from space 512K,  83% used [0x64cd0000, 0x64d3ad10, 0x64d50000)
  to   space 512K,   0% used [0x64c50000, 0x64c50000, 0x64cd0000)
 tenured generation   total 10944K, used 2650K [0x69550000, 0x6a000000, 0x73000000)
   the space 10944K,  24% used [0x69550000, 0x697e6ba8, 0x697e6c00, 0x6a000000)
 Metaspace       used 7273K, capacity 7445K, committed 7576K, reserved 8496K
}
Event: 30,767 GC heap before
{Heap before GC invocations=3 (full 0):
 def new generation   total 4928K, used 3092K [0x64800000, 0x64d50000, 0x69550000)
  eden space 4416K,  60% used [0x64800000, 0x64a9a318, 0x64c50000)
  from space 512K,  83% used [0x64cd0000, 0x64d3ad10, 0x64d50000)
  to   space 512K,   0% used [0x64c50000, 0x64c50000, 0x64cd0000)
 tenured generation   total 10944K, used 2650K [0x69550000, 0x6a000000, 0x73000000)
   the space 10944K,  24% used [0x69550000, 0x697e6ba8, 0x697e6c00, 0x6a000000)
 Metaspace       used 8116K, capacity 8309K, committed 8472K, reserved 8496K
Event: 31,141 GC heap after
Heap after GC invocations=4 (full 1):
 def new generation   total 4992K, used 0K [0x64800000, 0x64d60000, 0x69550000)
  eden space 4480K,   0% used [0x64800000, 0x64800000, 0x64c60000)
  from space 512K,   0% used [0x64c60000, 0x64c60000, 0x64ce0000)
  to   space 512K,   0% used [0x64ce0000, 0x64ce0000, 0x64d60000)
 tenured generation   total 10944K, used 3323K [0x69550000, 0x6a000000, 0x73000000)
   the space 10944K,  30% used [0x69550000, 0x6988ecd0, 0x6988ee00, 0x6a000000)
 Metaspace       used 8111K, capacity 8294K, committed 8472K, reserved 8496K
}

